---------------------------------------------------------------
[ 2018-04-20T13:52:41+08:00 ] 127.0.0.1 GET /order/order/detail/ids/75?dialog=1
[ info ] admin.com/order/order/detail/ids/75?dialog=1 [运行时间：0.201000s][吞吐率：4.98req/s] [内存消耗：7,185.84kb] [文件加载：85]
[ info ] [ BEHAVIOR ] Run Closure @app_init [ RunTime:0.000000s ]
[ info ] [ CACHE ] INIT File
[ info ] [ BEHAVIOR ] Run Closure @app_init [ RunTime:0.014000s ]
[ info ] [ LANG ] D:\www\service\wx\admin\thinkphp\lang\zh-cn.php
[ info ] [ BIND ] 'admin'
[ info ] [ ROUTE ] array (
  'type' => 'module',
  'module' => 
  array (
    0 => 'admin',
    1 => 'order.order',
    2 => 'detail',
  ),
)
[ info ] [ HEADER ] array (
  'host' => 'admin.com',
  'connection' => 'keep-alive',
  'upgrade-insecure-requests' => '1',
  'user-agent' => 'Mozilla/5.0 (Windows NT 6.1; WOW64) AppleWebKit/537.36 (KHTML, like Gecko) Chrome/65.0.3325.181 Safari/537.36',
  'accept' => 'text/html,application/xhtml+xml,application/xml;q=0.9,image/webp,image/apng,*/*;q=0.8',
  'referer' => 'http://admin.com/order/order?addtabs=1',
  'accept-encoding' => 'gzip, deflate',
  'accept-language' => 'zh-CN,zh;q=0.9,ko;q=0.8,en;q=0.7',
  'cookie' => 'PHPSESSID=rjostg1hqpcuulcd26cltpi053',
)
[ info ] [ PARAM ] array (
  'dialog' => '1',
  'ids' => '75',
)
[ info ] [ LANG ] D:\www\service\wx\admin\public/../application/admin\lang\zh-cn.php
[ info ] [ BEHAVIOR ] Run app\common\behavior\Common @module_init [ RunTime:0.002000s ]
[ info ] [ SESSION ] INIT array (
  'id' => '',
  'var_session_id' => '',
  'prefix' => 'think',
  'type' => '',
  'auto_start' => true,
)
[ info ] [ DB ] INIT mysql
[ info ] [ LANG ] D:\www\service\wx\admin\public/../application/admin/lang/zh-cn/order/order.php
[ info ] [ RUN ] app\admin\controller\order\Order->detail[ D:\www\service\wx\admin\application\admin\controller\order\Order.php ]
[ info ] [ VIEW ] D:\www\service\wx\admin\public/../application/admin\view\order\order\detail.html [ array (
  0 => 'breadcrumb',
  1 => 'site',
  2 => 'config',
  3 => 'auth',
  4 => 'admin',
  5 => 'row',
) ]
[ info ] [ BEHAVIOR ] Run app\admin\behavior\AdminLog @app_end [ RunTime:0.002000s ]
[ info ] [ LOG ] INIT File
[ sql ] [ DB ] CONNECT:[ UseTime:0.001000s ] mysql:host=127.0.0.1;port=3306;dbname=admin;charset=utf8
[ sql ] [ SQL ] SHOW COLUMNS FROM `auth_group_access` [ RunTime:0.000000s ]
[ sql ] [ SQL ] SELECT `aga`.`uid`,`aga`.`group_id`,`aga`.`extend_id`,`ag`.`id`,`ag`.`pid`,`ag`.`name`,`ag`.`rules` FROM `auth_group_access` `aga` LEFT JOIN `auth_group` `ag` ON `aga`.`group_id`=`ag`.`id` WHERE  (  aga.uid='1' and ag.status='normal' ) [ RunTime:0.000000s ]
[ sql ] [ SQL ] SHOW COLUMNS FROM `auth_rule` [ RunTime:0.003000s ]
[ sql ] [ SQL ] SELECT `id`,`pid`,`condition`,`icon`,`name`,`title`,`ismenu` FROM `auth_rule` WHERE  `status` = 'normal' [ RunTime:0.001000s ]
[ sql ] [ SQL ] SHOW COLUMNS FROM `order` [ RunTime:0.001000s ]
[ sql ] [ SQL ] SELECT * FROM `order` WHERE  `id` = 75 LIMIT 1 [ RunTime:0.001000s ]
---------------------------------------------------------------
[ 2018-04-20T13:52:41+08:00 ] 127.0.0.1 GET /ajax/lang?callback=define&controllername=order.order&v=1524203561
[ info ] admin.com/ajax/lang?callback=define&controllername=order.order&v=1524203561 [运行时间：0.106000s][吞吐率：9.43req/s] [内存消耗：5,046.63kb] [文件加载：73]
[ info ] [ BEHAVIOR ] Run Closure @app_init [ RunTime:0.000000s ]
[ info ] [ CACHE ] INIT File
[ info ] [ BEHAVIOR ] Run Closure @app_init [ RunTime:0.009000s ]
[ info ] [ LANG ] D:\www\service\wx\admin\thinkphp\lang\zh-cn.php
[ info ] [ BIND ] 'admin'
[ info ] [ ROUTE ] array (
  'type' => 'module',
  'module' => 
  array (
    0 => 'admin',
    1 => 'ajax',
    2 => 'lang',
  ),
)
[ info ] [ HEADER ] array (
  'host' => 'admin.com',
  'connection' => 'keep-alive',
  'user-agent' => 'Mozilla/5.0 (Windows NT 6.1; WOW64) AppleWebKit/537.36 (KHTML, like Gecko) Chrome/65.0.3325.181 Safari/537.36',
  'accept' => '*/*',
  'referer' => 'http://admin.com/order/order/detail/ids/75?dialog=1',
  'accept-encoding' => 'gzip, deflate',
  'accept-language' => 'zh-CN,zh;q=0.9,ko;q=0.8,en;q=0.7',
  'cookie' => 'PHPSESSID=rjostg1hqpcuulcd26cltpi053',
)
[ info ] [ PARAM ] array (
  'callback' => 'define',
  'controllername' => 'order.order',
  'v' => '1524203561',
)
[ info ] [ LANG ] D:\www\service\wx\admin\public/../application/admin\lang\zh-cn.php
[ info ] [ BEHAVIOR ] Run app\common\behavior\Common @module_init [ RunTime:0.002000s ]
[ info ] [ SESSION ] INIT array (
  'id' => '',
  'var_session_id' => '',
  'prefix' => 'think',
  'type' => '',
  'auto_start' => true,
)
[ info ] [ RUN ] app\admin\controller\Ajax->lang[ D:\www\service\wx\admin\application\admin\controller\Ajax.php ]
[ info ] [ LANG ] D:\www\service\wx\admin\public/../application/admin/lang/zh-cn/order/order.php
[ info ] [ BEHAVIOR ] Run app\admin\behavior\AdminLog @app_end [ RunTime:0.001000s ]
[ info ] [ LOG ] INIT File
---------------------------------------------------------------
[ 2018-04-20T13:53:21+08:00 ] 127.0.0.1 GET /order/order/detail/ids/75?dialog=1
[ info ] admin.com/order/order/detail/ids/75?dialog=1 [运行时间：0.181000s][吞吐率：5.52req/s] [内存消耗：6,930.58kb] [文件加载：83]
[ info ] [ BEHAVIOR ] Run Closure @app_init [ RunTime:0.000000s ]
[ info ] [ CACHE ] INIT File
[ info ] [ BEHAVIOR ] Run Closure @app_init [ RunTime:0.009000s ]
[ info ] [ LANG ] D:\www\service\wx\admin\thinkphp\lang\zh-cn.php
[ info ] [ BIND ] 'admin'
[ info ] [ ROUTE ] array (
  'type' => 'module',
  'module' => 
  array (
    0 => 'admin',
    1 => 'order.order',
    2 => 'detail',
  ),
)
[ info ] [ HEADER ] array (
  'host' => 'admin.com',
  'connection' => 'keep-alive',
  'upgrade-insecure-requests' => '1',
  'user-agent' => 'Mozilla/5.0 (Windows NT 6.1; WOW64) AppleWebKit/537.36 (KHTML, like Gecko) Chrome/65.0.3325.181 Safari/537.36',
  'accept' => 'text/html,application/xhtml+xml,application/xml;q=0.9,image/webp,image/apng,*/*;q=0.8',
  'referer' => 'http://admin.com/order/order?addtabs=1',
  'accept-encoding' => 'gzip, deflate',
  'accept-language' => 'zh-CN,zh;q=0.9,ko;q=0.8,en;q=0.7',
  'cookie' => 'PHPSESSID=rjostg1hqpcuulcd26cltpi053',
)
[ info ] [ PARAM ] array (
  'dialog' => '1',
  'ids' => '75',
)
[ info ] [ LANG ] D:\www\service\wx\admin\public/../application/admin\lang\zh-cn.php
[ info ] [ BEHAVIOR ] Run app\common\behavior\Common @module_init [ RunTime:0.003000s ]
[ info ] [ SESSION ] INIT array (
  'id' => '',
  'var_session_id' => '',
  'prefix' => 'think',
  'type' => '',
  'auto_start' => true,
)
[ info ] [ DB ] INIT mysql
[ info ] [ LANG ] D:\www\service\wx\admin\public/../application/admin/lang/zh-cn/order/order.php
[ info ] [ RUN ] app\admin\controller\order\Order->detail[ D:\www\service\wx\admin\application\admin\controller\order\Order.php ]
[ info ] [ VIEW ] D:\www\service\wx\admin\public/../application/admin\view\order\order\detail.html [ array (
  0 => 'breadcrumb',
  1 => 'site',
  2 => 'config',
  3 => 'auth',
  4 => 'admin',
  5 => 'row',
) ]
[ info ] [ BEHAVIOR ] Run app\admin\behavior\AdminLog @app_end [ RunTime:0.001000s ]
[ info ] [ LOG ] INIT File
[ sql ] [ DB ] CONNECT:[ UseTime:0.001000s ] mysql:host=127.0.0.1;port=3306;dbname=admin;charset=utf8
[ sql ] [ SQL ] SHOW COLUMNS FROM `auth_group_access` [ RunTime:0.003000s ]
[ sql ] [ SQL ] SELECT `aga`.`uid`,`aga`.`group_id`,`aga`.`extend_id`,`ag`.`id`,`ag`.`pid`,`ag`.`name`,`ag`.`rules` FROM `auth_group_access` `aga` LEFT JOIN `auth_group` `ag` ON `aga`.`group_id`=`ag`.`id` WHERE  (  aga.uid='1' and ag.status='normal' ) [ RunTime:0.001000s ]
[ sql ] [ SQL ] SHOW COLUMNS FROM `auth_rule` [ RunTime:0.001000s ]
[ sql ] [ SQL ] SELECT `id`,`pid`,`condition`,`icon`,`name`,`title`,`ismenu` FROM `auth_rule` WHERE  `status` = 'normal' [ RunTime:0.001000s ]
[ sql ] [ SQL ] SHOW COLUMNS FROM `order` [ RunTime:0.005000s ]
[ sql ] [ SQL ] SELECT * FROM `order` WHERE  `id` = 75 LIMIT 1 [ RunTime:0.001000s ]
---------------------------------------------------------------
[ 2018-04-20T13:53:21+08:00 ] 127.0.0.1 GET /ajax/lang?callback=define&controllername=order.order&v=1524203601
[ info ] admin.com/ajax/lang?callback=define&controllername=order.order&v=1524203601 [运行时间：0.101000s][吞吐率：9.90req/s] [内存消耗：5,046.63kb] [文件加载：73]
[ info ] [ BEHAVIOR ] Run Closure @app_init [ RunTime:0.000000s ]
[ info ] [ CACHE ] INIT File
[ info ] [ BEHAVIOR ] Run Closure @app_init [ RunTime:0.008000s ]
[ info ] [ LANG ] D:\www\service\wx\admin\thinkphp\lang\zh-cn.php
[ info ] [ BIND ] 'admin'
[ info ] [ ROUTE ] array (
  'type' => 'module',
  'module' => 
  array (
    0 => 'admin',
    1 => 'ajax',
    2 => 'lang',
  ),
)
[ info ] [ HEADER ] array (
  'host' => 'admin.com',
  'connection' => 'keep-alive',
  'user-agent' => 'Mozilla/5.0 (Windows NT 6.1; WOW64) AppleWebKit/537.36 (KHTML, like Gecko) Chrome/65.0.3325.181 Safari/537.36',
  'accept' => '*/*',
  'referer' => 'http://admin.com/order/order/detail/ids/75?dialog=1',
  'accept-encoding' => 'gzip, deflate',
  'accept-language' => 'zh-CN,zh;q=0.9,ko;q=0.8,en;q=0.7',
  'cookie' => 'PHPSESSID=rjostg1hqpcuulcd26cltpi053',
)
[ info ] [ PARAM ] array (
  'callback' => 'define',
  'controllername' => 'order.order',
  'v' => '1524203601',
)
[ info ] [ LANG ] D:\www\service\wx\admin\public/../application/admin\lang\zh-cn.php
[ info ] [ BEHAVIOR ] Run app\common\behavior\Common @module_init [ RunTime:0.002000s ]
[ info ] [ SESSION ] INIT array (
  'id' => '',
  'var_session_id' => '',
  'prefix' => 'think',
  'type' => '',
  'auto_start' => true,
)
[ info ] [ RUN ] app\admin\controller\Ajax->lang[ D:\www\service\wx\admin\application\admin\controller\Ajax.php ]
[ info ] [ LANG ] D:\www\service\wx\admin\public/../application/admin/lang/zh-cn/order/order.php
[ info ] [ BEHAVIOR ] Run app\admin\behavior\AdminLog @app_end [ RunTime:0.001000s ]
[ info ] [ LOG ] INIT File
---------------------------------------------------------------
[ 2018-04-20T13:54:28+08:00 ] 127.0.0.1 GET /order/order/detail/ids/75?dialog=1
[ info ] admin.com/order/order/detail/ids/75?dialog=1 [运行时间：0.180000s][吞吐率：5.56req/s] [内存消耗：6,930.58kb] [文件加载：83]
[ info ] [ BEHAVIOR ] Run Closure @app_init [ RunTime:0.000000s ]
[ info ] [ CACHE ] INIT File
[ info ] [ BEHAVIOR ] Run Closure @app_init [ RunTime:0.008000s ]
[ info ] [ LANG ] D:\www\service\wx\admin\thinkphp\lang\zh-cn.php
[ info ] [ BIND ] 'admin'
[ info ] [ ROUTE ] array (
  'type' => 'module',
  'module' => 
  array (
    0 => 'admin',
    1 => 'order.order',
    2 => 'detail',
  ),
)
[ info ] [ HEADER ] array (
  'host' => 'admin.com',
  'connection' => 'keep-alive',
  'upgrade-insecure-requests' => '1',
  'user-agent' => 'Mozilla/5.0 (Windows NT 6.1; WOW64) AppleWebKit/537.36 (KHTML, like Gecko) Chrome/65.0.3325.181 Safari/537.36',
  'accept' => 'text/html,application/xhtml+xml,application/xml;q=0.9,image/webp,image/apng,*/*;q=0.8',
  'referer' => 'http://admin.com/order/order?addtabs=1',
  'accept-encoding' => 'gzip, deflate',
  'accept-language' => 'zh-CN,zh;q=0.9,ko;q=0.8,en;q=0.7',
  'cookie' => 'PHPSESSID=rjostg1hqpcuulcd26cltpi053',
)
[ info ] [ PARAM ] array (
  'dialog' => '1',
  'ids' => '75',
)
[ info ] [ LANG ] D:\www\service\wx\admin\public/../application/admin\lang\zh-cn.php
[ info ] [ BEHAVIOR ] Run app\common\behavior\Common @module_init [ RunTime:0.002000s ]
[ info ] [ SESSION ] INIT array (
  'id' => '',
  'var_session_id' => '',
  'prefix' => 'think',
  'type' => '',
  'auto_start' => true,
)
[ info ] [ DB ] INIT mysql
[ info ] [ LANG ] D:\www\service\wx\admin\public/../application/admin/lang/zh-cn/order/order.php
[ info ] [ RUN ] app\admin\controller\order\Order->detail[ D:\www\service\wx\admin\application\admin\controller\order\Order.php ]
[ info ] [ VIEW ] D:\www\service\wx\admin\public/../application/admin\view\order\order\detail.html [ array (
  0 => 'breadcrumb',
  1 => 'site',
  2 => 'config',
  3 => 'auth',
  4 => 'admin',
  5 => 'row',
) ]
[ info ] [ BEHAVIOR ] Run app\admin\behavior\AdminLog @app_end [ RunTime:0.003000s ]
[ info ] [ LOG ] INIT File
[ sql ] [ DB ] CONNECT:[ UseTime:0.002000s ] mysql:host=127.0.0.1;port=3306;dbname=admin;charset=utf8
[ sql ] [ SQL ] SHOW COLUMNS FROM `auth_group_access` [ RunTime:0.002000s ]
[ sql ] [ SQL ] SELECT `aga`.`uid`,`aga`.`group_id`,`aga`.`extend_id`,`ag`.`id`,`ag`.`pid`,`ag`.`name`,`ag`.`rules` FROM `auth_group_access` `aga` LEFT JOIN `auth_group` `ag` ON `aga`.`group_id`=`ag`.`id` WHERE  (  aga.uid='1' and ag.status='normal' ) [ RunTime:0.001000s ]
[ sql ] [ SQL ] SHOW COLUMNS FROM `auth_rule` [ RunTime:0.001000s ]
[ sql ] [ SQL ] SELECT `id`,`pid`,`condition`,`icon`,`name`,`title`,`ismenu` FROM `auth_rule` WHERE  `status` = 'normal' [ RunTime:0.001000s ]
[ sql ] [ SQL ] SHOW COLUMNS FROM `order` [ RunTime:0.007000s ]
[ sql ] [ SQL ] SELECT * FROM `order` WHERE  `id` = 75 LIMIT 1 [ RunTime:0.001000s ]
---------------------------------------------------------------
[ 2018-04-20T13:54:28+08:00 ] 127.0.0.1 GET /ajax/lang?callback=define&controllername=order.order&v=1524203668
[ info ] admin.com/ajax/lang?callback=define&controllername=order.order&v=1524203668 [运行时间：0.103000s][吞吐率：9.71req/s] [内存消耗：5,046.63kb] [文件加载：73]
[ info ] [ BEHAVIOR ] Run Closure @app_init [ RunTime:0.000000s ]
[ info ] [ CACHE ] INIT File
[ info ] [ BEHAVIOR ] Run Closure @app_init [ RunTime:0.007000s ]
[ info ] [ LANG ] D:\www\service\wx\admin\thinkphp\lang\zh-cn.php
[ info ] [ BIND ] 'admin'
[ info ] [ ROUTE ] array (
  'type' => 'module',
  'module' => 
  array (
    0 => 'admin',
    1 => 'ajax',
    2 => 'lang',
  ),
)
[ info ] [ HEADER ] array (
  'host' => 'admin.com',
  'connection' => 'keep-alive',
  'user-agent' => 'Mozilla/5.0 (Windows NT 6.1; WOW64) AppleWebKit/537.36 (KHTML, like Gecko) Chrome/65.0.3325.181 Safari/537.36',
  'accept' => '*/*',
  'referer' => 'http://admin.com/order/order/detail/ids/75?dialog=1',
  'accept-encoding' => 'gzip, deflate',
  'accept-language' => 'zh-CN,zh;q=0.9,ko;q=0.8,en;q=0.7',
  'cookie' => 'PHPSESSID=rjostg1hqpcuulcd26cltpi053',
)
[ info ] [ PARAM ] array (
  'callback' => 'define',
  'controllername' => 'order.order',
  'v' => '1524203668',
)
[ info ] [ LANG ] D:\www\service\wx\admin\public/../application/admin\lang\zh-cn.php
[ info ] [ BEHAVIOR ] Run app\common\behavior\Common @module_init [ RunTime:0.002000s ]
[ info ] [ SESSION ] INIT array (
  'id' => '',
  'var_session_id' => '',
  'prefix' => 'think',
  'type' => '',
  'auto_start' => true,
)
[ info ] [ RUN ] app\admin\controller\Ajax->lang[ D:\www\service\wx\admin\application\admin\controller\Ajax.php ]
[ info ] [ LANG ] D:\www\service\wx\admin\public/../application/admin/lang/zh-cn/order/order.php
[ info ] [ BEHAVIOR ] Run app\admin\behavior\AdminLog @app_end [ RunTime:0.001000s ]
[ info ] [ LOG ] INIT File
---------------------------------------------------------------
[ 2018-04-20T13:55:50+08:00 ] 127.0.0.1 GET /order/order/detail/ids/75?dialog=1
[ info ] admin.com/order/order/detail/ids/75?dialog=1 [运行时间：0.180000s][吞吐率：5.56req/s] [内存消耗：6,930.39kb] [文件加载：83]
[ info ] [ BEHAVIOR ] Run Closure @app_init [ RunTime:0.001000s ]
[ info ] [ CACHE ] INIT File
[ info ] [ BEHAVIOR ] Run Closure @app_init [ RunTime:0.009000s ]
[ info ] [ LANG ] D:\www\service\wx\admin\thinkphp\lang\zh-cn.php
[ info ] [ BIND ] 'admin'
[ info ] [ ROUTE ] array (
  'type' => 'module',
  'module' => 
  array (
    0 => 'admin',
    1 => 'order.order',
    2 => 'detail',
  ),
)
[ info ] [ HEADER ] array (
  'host' => 'admin.com',
  'connection' => 'keep-alive',
  'upgrade-insecure-requests' => '1',
  'user-agent' => 'Mozilla/5.0 (Windows NT 6.1; WOW64) AppleWebKit/537.36 (KHTML, like Gecko) Chrome/65.0.3325.181 Safari/537.36',
  'accept' => 'text/html,application/xhtml+xml,application/xml;q=0.9,image/webp,image/apng,*/*;q=0.8',
  'referer' => 'http://admin.com/order/order?addtabs=1',
  'accept-encoding' => 'gzip, deflate',
  'accept-language' => 'zh-CN,zh;q=0.9,ko;q=0.8,en;q=0.7',
  'cookie' => 'PHPSESSID=rjostg1hqpcuulcd26cltpi053',
)
[ info ] [ PARAM ] array (
  'dialog' => '1',
  'ids' => '75',
)
[ info ] [ LANG ] D:\www\service\wx\admin\public/../application/admin\lang\zh-cn.php
[ info ] [ BEHAVIOR ] Run app\common\behavior\Common @module_init [ RunTime:0.003000s ]
[ info ] [ SESSION ] INIT array (
  'id' => '',
  'var_session_id' => '',
  'prefix' => 'think',
  'type' => '',
  'auto_start' => true,
)
[ info ] [ DB ] INIT mysql
[ info ] [ LANG ] D:\www\service\wx\admin\public/../application/admin/lang/zh-cn/order/order.php
[ info ] [ RUN ] app\admin\controller\order\Order->detail[ D:\www\service\wx\admin\application\admin\controller\order\Order.php ]
[ info ] [ VIEW ] D:\www\service\wx\admin\public/../application/admin\view\order\order\detail.html [ array (
  0 => 'breadcrumb',
  1 => 'site',
  2 => 'config',
  3 => 'auth',
  4 => 'admin',
  5 => 'row',
) ]
[ info ] [ BEHAVIOR ] Run app\admin\behavior\AdminLog @app_end [ RunTime:0.002000s ]
[ info ] [ LOG ] INIT File
[ sql ] [ DB ] CONNECT:[ UseTime:0.001000s ] mysql:host=127.0.0.1;port=3306;dbname=admin;charset=utf8
[ sql ] [ SQL ] SHOW COLUMNS FROM `auth_group_access` [ RunTime:0.004000s ]
[ sql ] [ SQL ] SELECT `aga`.`uid`,`aga`.`group_id`,`aga`.`extend_id`,`ag`.`id`,`ag`.`pid`,`ag`.`name`,`ag`.`rules` FROM `auth_group_access` `aga` LEFT JOIN `auth_group` `ag` ON `aga`.`group_id`=`ag`.`id` WHERE  (  aga.uid='1' and ag.status='normal' ) [ RunTime:0.001000s ]
[ sql ] [ SQL ] SHOW COLUMNS FROM `auth_rule` [ RunTime:0.001000s ]
[ sql ] [ SQL ] SELECT `id`,`pid`,`condition`,`icon`,`name`,`title`,`ismenu` FROM `auth_rule` WHERE  `status` = 'normal' [ RunTime:0.001000s ]
[ sql ] [ SQL ] SHOW COLUMNS FROM `order` [ RunTime:0.001000s ]
[ sql ] [ SQL ] SELECT * FROM `order` WHERE  `id` = 75 LIMIT 1 [ RunTime:0.000000s ]
---------------------------------------------------------------
[ 2018-04-20T13:55:51+08:00 ] 127.0.0.1 GET /ajax/lang?callback=define&controllername=order.order&v=1524203750
[ info ] admin.com/ajax/lang?callback=define&controllername=order.order&v=1524203750 [运行时间：0.090000s][吞吐率：11.11req/s] [内存消耗：5,046.63kb] [文件加载：73]
[ info ] [ BEHAVIOR ] Run Closure @app_init [ RunTime:0.000000s ]
[ info ] [ CACHE ] INIT File
[ info ] [ BEHAVIOR ] Run Closure @app_init [ RunTime:0.004000s ]
[ info ] [ LANG ] D:\www\service\wx\admin\thinkphp\lang\zh-cn.php
[ info ] [ BIND ] 'admin'
[ info ] [ ROUTE ] array (
  'type' => 'module',
  'module' => 
  array (
    0 => 'admin',
    1 => 'ajax',
    2 => 'lang',
  ),
)
[ info ] [ HEADER ] array (
  'host' => 'admin.com',
  'connection' => 'keep-alive',
  'user-agent' => 'Mozilla/5.0 (Windows NT 6.1; WOW64) AppleWebKit/537.36 (KHTML, like Gecko) Chrome/65.0.3325.181 Safari/537.36',
  'accept' => '*/*',
  'referer' => 'http://admin.com/order/order/detail/ids/75?dialog=1',
  'accept-encoding' => 'gzip, deflate',
  'accept-language' => 'zh-CN,zh;q=0.9,ko;q=0.8,en;q=0.7',
  'cookie' => 'PHPSESSID=rjostg1hqpcuulcd26cltpi053',
)
[ info ] [ PARAM ] array (
  'callback' => 'define',
  'controllername' => 'order.order',
  'v' => '1524203750',
)
[ info ] [ LANG ] D:\www\service\wx\admin\public/../application/admin\lang\zh-cn.php
[ info ] [ BEHAVIOR ] Run app\common\behavior\Common @module_init [ RunTime:0.002000s ]
[ info ] [ SESSION ] INIT array (
  'id' => '',
  'var_session_id' => '',
  'prefix' => 'think',
  'type' => '',
  'auto_start' => true,
)
[ info ] [ RUN ] app\admin\controller\Ajax->lang[ D:\www\service\wx\admin\application\admin\controller\Ajax.php ]
[ info ] [ LANG ] D:\www\service\wx\admin\public/../application/admin/lang/zh-cn/order/order.php
[ info ] [ BEHAVIOR ] Run app\admin\behavior\AdminLog @app_end [ RunTime:0.001000s ]
[ info ] [ LOG ] INIT File
